08:57:22,234 INFO kernel:Command line: BOOT_IMAGE=vmlinuz initrd=initrd.img inst.stage2=hd:LABEL=CentOS-8-4-2105-x86_64-dvd quiet
08:57:22,234 INFO kernel:x86/fpu: Supporting XSAVE feature 0x001: 'x87 floating point registers'
08:57:22,234 INFO kernel:x86/fpu: Supporting XSAVE feature 0x002: 'SSE registers'
08:57:22,234 INFO kernel:x86/fpu: Supporting XSAVE feature 0x004: 'AVX registers'
08:57:22,234 INFO kernel:x86/fpu: xstate_offset[2]:  576, xstate_sizes[2]:  256
08:57:22,234 INFO kernel:x86/fpu: Enabled xstate features 0x7, context size is 832 bytes, using 'standard' format.
08:57:22,234 INFO kernel:BIOS-provided physical RAM map:
08:57:22,234 INFO kernel:BIOS-e820: [mem 0x0000000000000000-0x000000000009fbff] usable
08:57:22,234 INFO kernel:BIOS-e820: [mem 0x000000000009fc00-0x000000000009ffff] reserved
08:57:22,234 INFO kernel:BIOS-e820: [mem 0x00000000000f0000-0x00000000000fffff] reserved
08:57:22,234 INFO kernel:BIOS-e820: [mem 0x0000000000100000-0x00000000765effff] usable
08:57:22,234 INFO kernel:BIOS-e820: [mem 0x00000000765f0000-0x00000000765fffff] ACPI data
08:57:22,234 INFO kernel:BIOS-e820: [mem 0x00000000fec00000-0x00000000fec00fff] reserved
08:57:22,235 INFO kernel:BIOS-e820: [mem 0x00000000fee00000-0x00000000fee00fff] reserved
08:57:22,235 INFO kernel:BIOS-e820: [mem 0x00000000fffc0000-0x00000000ffffffff] reserved
08:57:22,235 INFO kernel:NX (Execute Disable) protection: active
08:57:22,235 INFO kernel:SMBIOS 2.5 present.
08:57:22,235 INFO kernel:DMI: innotek GmbH VirtualBox/VirtualBox, BIOS VirtualBox 12/01/2006
08:57:22,235 INFO kernel:Hypervisor detected: KVM
08:57:22,235 INFO kernel:kvm-clock: Using msrs 4b564d01 and 4b564d00
08:57:22,235 INFO kernel:kvm-clock: cpu 0, msr 5ae01001, primary cpu clock
08:57:22,235 INFO kernel:kvm-clock: using sched offset of 9751120166 cycles
08:57:22,235 INFO kernel:clocksource: kvm-clock: mask: 0xffffffffffffffff max_cycles: 0x1cd42e4dffb, max_idle_ns: 881590591483 ns
08:57:22,235 INFO kernel:tsc: Detected 2303.998 MHz processor
08:57:22,235 INFO kernel:last_pfn = 0x765f0 max_arch_pfn = 0x400000000
08:57:22,235 INFO kernel:Disabled
08:57:22,235 INFO kernel:x86/PAT: MTRRs disabled, skipping PAT initialization too.
08:57:22,235 INFO kernel:CPU MTRRs all blank - virtualized system.
08:57:22,235 INFO kernel:x86/PAT: Configuration [0-7]: WB  WT  UC- UC  WB  WT  UC- UC  
08:57:22,235 INFO kernel:found SMP MP-table at [mem 0x0009fff0-0x0009ffff]
08:57:22,235 INFO kernel:RAMDISK: [mem 0x71e0d000-0x765effff]
08:57:22,235 INFO kernel:ACPI: Early table checksum verification disabled
08:57:22,235 INFO kernel:ACPI: RSDP 0x00000000000E0000 000024 (v02 VBOX  )
08:57:22,235 INFO kernel:ACPI: XSDT 0x00000000765F0030 00003C (v01 VBOX   VBOXXSDT 00000001 ASL  00000061)
08:57:22,235 INFO kernel:ACPI: FACP 0x00000000765F00F0 0000F4 (v04 VBOX   VBOXFACP 00000001 ASL  00000061)
08:57:22,235 INFO kernel:ACPI: DSDT 0x00000000765F0470 002325 (v02 VBOX   VBOXBIOS 00000002 INTL 20120111)
08:57:22,235 INFO kernel:ACPI: FACS 0x00000000765F0200 000040
08:57:22,235 INFO kernel:ACPI: FACS 0x00000000765F0200 000040
08:57:22,235 INFO kernel:ACPI: APIC 0x00000000765F0240 00005C (v02 VBOX   VBOXAPIC 00000001 ASL  00000061)
08:57:22,235 INFO kernel:ACPI: SSDT 0x00000000765F02A0 0001CC (v01 VBOX   VBOXCPUT 00000002 INTL 20120111)
08:57:22,235 INFO kernel:No NUMA configuration found
08:57:22,235 INFO kernel:Faking a node at [mem 0x0000000000000000-0x00000000765effff]
08:57:22,235 INFO kernel:NODE_DATA(0) allocated [mem 0x71de3000-0x71e0cfff]
08:57:22,235 INFO kernel:Zone ranges:
08:57:22,235 INFO kernel:  DMA      [mem 0x0000000000001000-0x0000000000ffffff]
08:57:22,235 INFO kernel:  DMA32    [mem 0x0000000001000000-0x00000000765effff]
08:57:22,235 INFO kernel:  Normal   empty
08:57:22,235 INFO kernel:  Device   empty
08:57:22,235 INFO kernel:Movable zone start for each node
08:57:22,235 INFO kernel:Early memory node ranges
08:57:22,235 INFO kernel:  node   0: [mem 0x0000000000001000-0x000000000009efff]
08:57:22,235 INFO kernel:  node   0: [mem 0x0000000000100000-0x00000000765effff]
08:57:22,235 INFO kernel:Zeroed struct page in unavailable ranges: 6770 pages
08:57:22,235 INFO kernel:Initmem setup node 0 [mem 0x0000000000001000-0x00000000765effff]
08:57:22,235 INFO kernel:ACPI: PM-Timer IO Port: 0x4008
08:57:22,235 INFO kernel:IOAPIC[0]: apic_id 2, version 32, address 0xfec00000, GSI 0-23
08:57:22,235 INFO kernel:ACPI: INT_SRC_OVR (bus 0 bus_irq 0 global_irq 2 dfl dfl)
08:57:22,235 INFO kernel:ACPI: INT_SRC_OVR (bus 0 bus_irq 9 global_irq 9 low level)
08:57:22,235 INFO kernel:Using ACPI (MADT) for SMP configuration information
08:57:22,235 INFO kernel:smpboot: Allowing 2 CPUs, 0 hotplug CPUs
08:57:22,235 INFO kernel:PM: Registered nosave memory: [mem 0x00000000-0x00000fff]
08:57:22,235 INFO kernel:PM: Registered nosave memory: [mem 0x0009f000-0x0009ffff]
08:57:22,235 INFO kernel:PM: Registered nosave memory: [mem 0x000a0000-0x000effff]
08:57:22,235 INFO kernel:PM: Registered nosave memory: [mem 0x000f0000-0x000fffff]
08:57:22,235 INFO kernel:[mem 0x76600000-0xfebfffff] available for PCI devices
08:57:22,235 INFO kernel:Booting paravirtualized kernel on KVM
08:57:22,235 INFO kernel:clocksource: refined-jiffies: mask: 0xffffffff max_cycles: 0xffffffff, max_idle_ns: 1910969940391419 ns
08:57:22,235 INFO kernel:setup_percpu: NR_CPUS:8192 nr_cpumask_bits:2 nr_cpu_ids:2 nr_node_ids:1
08:57:22,235 INFO kernel:percpu: Embedded 54 pages/cpu s184320 r8192 d28672 u1048576
08:57:22,235 INFO kernel:kvm-guest: PV spinlocks enabled
08:57:22,235 INFO kernel:PV qspinlock hash table entries: 256 (order: 0, 4096 bytes)
08:57:22,235 INFO kernel:Built 1 zonelists, mobility grouping on.  Total pages: 477153
08:57:22,235 INFO kernel:Policy zone: DMA32
08:57:22,235 INFO kernel:Memory: 261668K/1939000K available (12293K kernel code, 2225K rwdata, 7708K rodata, 2480K init, 14048K bss, 150196K reserved, 0K cma-reserved)
08:57:22,235 INFO kernel:SLUB: HWalign=64, Order=0-3, MinObjects=0, CPUs=2, Nodes=1
08:57:22,235 INFO kernel:Kernel/User page tables isolation: enabled
08:57:22,235 INFO kernel:ftrace: allocating 38570 entries in 151 pages
08:57:22,235 INFO kernel:ftrace: allocated 151 pages with 5 groups
08:57:22,235 INFO kernel:rcu: Hierarchical RCU implementation.
08:57:22,235 INFO kernel:rcu: #011RCU restricting CPUs from NR_CPUS=8192 to nr_cpu_ids=2.
08:57:22,235 INFO kernel:rcu: RCU calculated value of scheduler-enlistment delay is 100 jiffies.
08:57:22,235 INFO kernel:rcu: Adjusting geometry for rcu_fanout_leaf=16, nr_cpu_ids=2
08:57:22,235 INFO kernel:NR_IRQS: 524544, nr_irqs: 440, preallocated irqs: 16
08:57:22,235 INFO kernel:Console: colour VGA+ 80x25
08:57:22,235 INFO kernel:printk: console [tty0] enabled
08:57:22,235 INFO kernel:ACPI: Core revision 20200925
08:57:22,235 INFO kernel:APIC: Switch to symmetric I/O mode setup
08:57:22,235 INFO kernel:x2apic enabled
08:57:22,235 INFO kernel:Switched APIC routing to physical x2apic.
08:57:22,235 INFO kernel:..TIMER: vector=0x30 apic1=0 pin1=2 apic2=-1 pin2=-1
08:57:22,235 INFO kernel:clocksource: tsc-early: mask: 0xffffffffffffffff max_cycles: 0x2135f5e6f15, max_idle_ns: 440795231538 ns
08:57:22,235 INFO kernel:Calibrating delay loop (skipped) preset value.. 4607.99 BogoMIPS (lpj=2303998)
08:57:22,235 INFO kernel:pid_max: default: 32768 minimum: 301
08:57:22,235 INFO kernel:Security Framework initialized
08:57:22,235 INFO kernel:Yama: becoming mindful.
08:57:22,235 INFO kernel:SELinux:  Initializing.
08:57:22,235 INFO kernel:Dentry cache hash table entries: 262144 (order: 9, 2097152 bytes)
08:57:22,235 INFO kernel:Inode-cache hash table entries: 131072 (order: 8, 1048576 bytes)
08:57:22,235 INFO kernel:Mount-cache hash table entries: 4096 (order: 3, 32768 bytes)
08:57:22,235 INFO kernel:Mountpoint-cache hash table entries: 4096 (order: 3, 32768 bytes)
08:57:22,235 INFO kernel:Last level iTLB entries: 4KB 64, 2MB 8, 4MB 8
08:57:22,235 INFO kernel:Last level dTLB entries: 4KB 64, 2MB 0, 4MB 0, 1GB 4
08:57:22,235 INFO kernel:FEATURE SPEC_CTRL Not Present
08:57:22,235 INFO kernel:FEATURE IBPB_SUPPORT Not Present
08:57:22,235 INFO kernel:Spectre V1 : Mitigation: usercopy/swapgs barriers and __user pointer sanitization
08:57:22,235 INFO kernel:Spectre V2 : Mitigation: Full generic retpoline
08:57:22,235 INFO kernel:Spectre V2 : Spectre v2 / SpectreRSB mitigation: Filling RSB on context switch
08:57:22,235 INFO kernel:Speculative Store Bypass: Vulnerable
08:57:22,235 INFO kernel:SRBDS: Unknown: Dependent on hypervisor status
08:57:22,235 INFO kernel:MDS: Mitigation: Clear CPU buffers
08:57:22,235 INFO kernel:Freeing SMP alternatives memory: 32K
08:57:22,235 INFO kernel:smpboot: CPU0: Intel(R) Core(TM) i5-8259U CPU @ 2.30GHz (family: 0x6, model: 0x8e, stepping: 0xa)
08:57:22,235 INFO kernel:Performance Events: unsupported p6 CPU model 142 no PMU driver, software events only.
08:57:22,235 INFO kernel:rcu: Hierarchical SRCU implementation.
08:57:22,235 INFO kernel:NMI watchdog: Perf NMI watchdog permanently disabled
08:57:22,235 INFO kernel:smp: Bringing up secondary CPUs ...
08:57:22,235 INFO kernel:x86: Booting SMP configuration:
08:57:22,235 INFO kernel:.... node  #0, CPUs:      #1
08:57:22,235 INFO kernel:kvm-clock: cpu 1, msr 5ae01041, secondary cpu clock
08:57:22,235 INFO kernel:smp: Brought up 1 node, 2 CPUs
08:57:22,235 INFO kernel:smpboot: Max logical packages: 1
08:57:22,235 INFO kernel:smpboot: Total of 2 processors activated (9215.99 BogoMIPS)
08:57:22,235 INFO kernel:node 0 deferred pages initialised in 14ms
08:57:22,235 INFO kernel:devtmpfs: initialized
08:57:22,235 INFO kernel:x86/mm: Memory block size: 128MB
08:57:22,235 INFO kernel:clocksource: jiffies: mask: 0xffffffff max_cycles: 0xffffffff, max_idle_ns: 1911260446275000 ns
08:57:22,235 INFO kernel:futex hash table entries: 512 (order: 3, 32768 bytes)
08:57:22,235 INFO kernel:pinctrl core: initialized pinctrl subsystem
08:57:22,235 INFO kernel:NET: Registered protocol family 16
08:57:22,235 INFO kernel:DMA: preallocated 256 KiB GFP_KERNEL pool for atomic allocations
08:57:22,235 INFO kernel:DMA: preallocated 256 KiB GFP_KERNEL|GFP_DMA pool for atomic allocations
08:57:22,235 INFO kernel:DMA: preallocated 256 KiB GFP_KERNEL|GFP_DMA32 pool for atomic allocations
08:57:22,235 INFO kernel:audit: initializing netlink subsys (disabled)
08:57:22,235 INFO kernel:cpuidle: using governor menu
08:57:22,235 INFO kernel:ACPI: bus type PCI registered
08:57:22,235 INFO kernel:acpiphp: ACPI Hot Plug PCI Controller Driver version: 0.5
08:57:22,235 INFO kernel:PCI: Using configuration type 1 for base access
08:57:22,235 INFO kernel:HugeTLB registered 2.00 MiB page size, pre-allocated 0 pages
08:57:22,235 INFO kernel:cryptd: max_cpu_qlen set to 1000
08:57:22,235 INFO kernel:ACPI: Added _OSI(Module Device)
08:57:22,235 INFO kernel:ACPI: Added _OSI(Processor Device)
08:57:22,235 INFO kernel:ACPI: Added _OSI(3.0 _SCP Extensions)
08:57:22,235 INFO kernel:ACPI: Added _OSI(Processor Aggregator Device)
08:57:22,235 INFO kernel:ACPI: Added _OSI(Linux-Dell-Video)
08:57:22,235 INFO kernel:ACPI: Added _OSI(Linux-Lenovo-NV-HDMI-Audio)
08:57:22,235 INFO kernel:ACPI: Added _OSI(Linux-HPI-Hybrid-Graphics)
08:57:22,235 INFO kernel:ACPI: 2 ACPI AML tables successfully acquired and loaded
08:57:22,235 INFO kernel:ACPI: Interpreter enabled
08:57:22,235 INFO kernel:ACPI: (supports S0 S5)
08:57:22,235 INFO kernel:ACPI: Using IOAPIC for interrupt routing
08:57:22,235 INFO kernel:PCI: Using host bridge windows from ACPI; if necessary, use "pci=nocrs" and report a bug
08:57:22,235 INFO kernel:ACPI: Enabled 2 GPEs in block 00 to 07
08:57:22,236 INFO kernel:ACPI: PCI Root Bridge [PCI0] (domain 0000 [bus 00-ff])
08:57:22,236 INFO kernel:acpi PNP0A03:00: _OSC: OS supports [ASPM ClockPM Segments MSI EDR HPX-Type3]
08:57:22,236 INFO kernel:acpi PNP0A03:00: _OSC: not requesting OS control; OS requires [ExtendedConfig ASPM ClockPM MSI]
08:57:22,236 INFO kernel:PCI host bridge to bus 0000:00
08:57:22,236 INFO kernel:pci_bus 0000:00: root bus resource [io  0x0000-0x0cf7 window]
08:57:22,236 INFO kernel:pci_bus 0000:00: root bus resource [io  0x0d00-0xffff window]
08:57:22,236 INFO kernel:pci_bus 0000:00: root bus resource [mem 0x000a0000-0x000bffff window]
08:57:22,236 INFO kernel:pci_bus 0000:00: root bus resource [mem 0x76600000-0xfdffffff window]
08:57:22,236 INFO kernel:pci_bus 0000:00: root bus resource [bus 00-ff]
08:57:22,237 INFO kernel:pci 0000:00:00.0: [8086:1237] type 00 class 0x060000
08:57:22,237 INFO kernel:pci 0000:00:01.0: [8086:7000] type 00 class 0x060100
08:57:22,237 INFO kernel:pci 0000:00:01.1: [8086:7111] type 00 class 0x01018a
08:57:22,237 INFO kernel:pci 0000:00:01.1: reg 0x20: [io  0xd000-0xd00f]
08:57:22,237 INFO kernel:pci 0000:00:01.1: legacy IDE quirk: reg 0x10: [io  0x01f0-0x01f7]
08:57:22,237 INFO kernel:pci 0000:00:01.1: legacy IDE quirk: reg 0x14: [io  0x03f6]
08:57:22,248 INFO kernel:pci 0000:00:01.1: legacy IDE quirk: reg 0x18: [io  0x0170-0x0177]
08:57:22,248 INFO kernel:pci 0000:00:01.1: legacy IDE quirk: reg 0x1c: [io  0x0376]
08:57:22,248 INFO kernel:pci 0000:00:02.0: [15ad:0405] type 00 class 0x030000
08:57:22,248 INFO kernel:pci 0000:00:02.0: reg 0x10: [io  0xd010-0xd01f]
08:57:22,248 INFO kernel:pci 0000:00:02.0: reg 0x14: [mem 0xe0000000-0xe0ffffff pref]
08:57:22,248 INFO kernel:pci 0000:00:02.0: reg 0x18: [mem 0xf0000000-0xf01fffff]
08:57:22,249 INFO kernel:pci 0000:00:03.0: [8086:100e] type 00 class 0x020000
08:57:22,249 INFO kernel:pci 0000:00:03.0: reg 0x10: [mem 0xf0200000-0xf021ffff]
08:57:22,249 INFO kernel:pci 0000:00:03.0: reg 0x18: [io  0xd020-0xd027]
08:57:22,249 INFO kernel:pci 0000:00:04.0: [80ee:cafe] type 00 class 0x088000
08:57:22,249 INFO kernel:pci 0000:00:04.0: reg 0x10: [io  0xd040-0xd05f]
08:57:22,249 INFO kernel:pci 0000:00:04.0: reg 0x14: [mem 0xf0400000-0xf07fffff]
08:57:22,249 INFO kernel:pci 0000:00:04.0: reg 0x18: [mem 0xf0800000-0xf0803fff pref]
08:57:22,249 INFO kernel:pci 0000:00:05.0: [8086:2415] type 00 class 0x040100
08:57:22,249 INFO kernel:pci 0000:00:05.0: reg 0x10: [io  0xd100-0xd1ff]
08:57:22,250 INFO kernel:pci 0000:00:05.0: reg 0x14: [io  0xd200-0xd23f]
08:57:22,250 INFO kernel:pci 0000:00:06.0: [106b:003f] type 00 class 0x0c0310
08:57:22,250 INFO kernel:pci 0000:00:06.0: reg 0x10: [mem 0xf0804000-0xf0804fff]
08:57:22,256 INFO kernel:pci 0000:00:07.0: [8086:7113] type 00 class 0x068000
08:57:22,256 INFO kernel:pci 0000:00:07.0: quirk: [io  0x4000-0x403f] claimed by PIIX4 ACPI
08:57:22,256 INFO kernel:pci 0000:00:07.0: quirk: [io  0x4100-0x410f] claimed by PIIX4 SMB
08:57:22,256 INFO kernel:pci 0000:00:0d.0: [8086:2829] type 00 class 0x010601
08:57:22,257 INFO kernel:pci 0000:00:0d.0: reg 0x10: [io  0xd240-0xd247]
08:57:22,257 INFO kernel:pci 0000:00:0d.0: reg 0x14: [io  0xd248-0xd24b]
08:57:22,257 INFO kernel:pci 0000:00:0d.0: reg 0x18: [io  0xd250-0xd257]
08:57:22,257 INFO kernel:pci 0000:00:0d.0: reg 0x1c: [io  0xd258-0xd25b]
08:57:22,257 INFO kernel:pci 0000:00:0d.0: reg 0x20: [io  0xd260-0xd26f]
08:57:22,257 INFO kernel:pci 0000:00:0d.0: reg 0x24: [mem 0xf0806000-0xf0807fff]
08:57:22,257 INFO kernel:ACPI: PCI Interrupt Link [LNKA] (IRQs 5 9 10 *11)
08:57:22,257 INFO kernel:ACPI: PCI Interrupt Link [LNKB] (IRQs 5 9 *10 11)
08:57:22,257 INFO kernel:ACPI: PCI Interrupt Link [LNKC] (IRQs 5 *9 10 11)
08:57:22,257 INFO kernel:ACPI: PCI Interrupt Link [LNKD] (IRQs 5 9 10 *11)
08:57:22,257 INFO kernel:iommu: Default domain type: Passthrough 
08:57:22,257 INFO kernel:pci 0000:00:02.0: vgaarb: setting as boot VGA device
08:57:22,257 INFO kernel:pci 0000:00:02.0: vgaarb: VGA device added: decodes=io+mem,owns=io+mem,locks=none
08:57:22,257 INFO kernel:pci 0000:00:02.0: vgaarb: bridge control possible
08:57:22,257 INFO kernel:vgaarb: loaded
08:57:22,257 INFO kernel:ACPI: bus type USB registered
08:57:22,257 INFO kernel:usbcore: registered new interface driver usbfs
08:57:22,257 INFO kernel:usbcore: registered new interface driver hub
08:57:22,257 INFO kernel:usbcore: registered new device driver usb
08:57:22,257 INFO kernel:pps_core: LinuxPPS API ver. 1 registered
08:57:22,257 INFO kernel:pps_core: Software ver. 5.3.6 - Copyright 2005-2007 Rodolfo Giometti <giometti@linux.it>
08:57:22,257 INFO kernel:PTP clock support registered
08:57:22,257 INFO kernel:EDAC MC: Ver: 3.0.0
08:57:22,257 INFO kernel:PCI: Using ACPI for IRQ routing
08:57:22,257 INFO kernel:NetLabel: Initializing
08:57:22,257 INFO kernel:NetLabel:  domain hash size = 128
08:57:22,257 INFO kernel:NetLabel:  protocols = UNLABELED CIPSOv4 CALIPSO
08:57:22,257 INFO kernel:NetLabel:  unlabeled traffic allowed by default
08:57:22,257 INFO kernel:clocksource: Switched to clocksource kvm-clock
08:57:22,257 INFO kernel:VFS: Dquot-cache hash table entries: 512 (order 0, 4096 bytes)
08:57:22,257 INFO kernel:pnp: PnP ACPI init
08:57:22,258 INFO kernel:pnp: PnP ACPI: found 2 devices
08:57:22,258 INFO kernel:clocksource: acpi_pm: mask: 0xffffff max_cycles: 0xffffff, max_idle_ns: 2085701024 ns
08:57:22,258 INFO kernel:pci_bus 0000:00: resource 4 [io  0x0000-0x0cf7 window]
08:57:22,260 INFO kernel:pci_bus 0000:00: resource 5 [io  0x0d00-0xffff window]
08:57:22,260 INFO kernel:pci_bus 0000:00: resource 6 [mem 0x000a0000-0x000bffff window]
08:57:22,261 INFO kernel:pci_bus 0000:00: resource 7 [mem 0x76600000-0xfdffffff window]
08:57:22,261 INFO kernel:NET: Registered protocol family 2
08:57:22,261 INFO kernel:tcp_listen_portaddr_hash hash table entries: 1024 (order: 2, 16384 bytes)
08:57:22,261 INFO kernel:TCP established hash table entries: 16384 (order: 5, 131072 bytes)
08:57:22,261 INFO kernel:TCP bind hash table entries: 16384 (order: 6, 262144 bytes)
08:57:22,261 INFO kernel:TCP: Hash tables configured (established 16384 bind 16384)
08:57:22,261 INFO kernel:MPTCP token hash table entries: 2048 (order: 3, 49152 bytes)
08:57:22,261 INFO kernel:UDP hash table entries: 1024 (order: 3, 32768 bytes)
08:57:22,261 INFO kernel:UDP-Lite hash table entries: 1024 (order: 3, 32768 bytes)
08:57:22,261 INFO kernel:NET: Registered protocol family 1
08:57:22,261 INFO kernel:NET: Registered protocol family 44
08:57:22,261 INFO kernel:pci 0000:00:00.0: Limiting direct PCI/PCI transfers
08:57:22,263 INFO kernel:pci 0000:00:01.0: Activating ISA DMA hang workarounds
08:57:22,263 INFO kernel:pci 0000:00:02.0: Video device with shadowed ROM at [mem 0x000c0000-0x000dffff]
08:57:22,263 INFO kernel:PCI: CLS 0 bytes, default 64
08:57:22,263 INFO kernel:Unpacking initramfs...
08:57:22,263 INFO kernel:Freeing initrd memory: 73612K
08:57:22,263 INFO kernel:clocksource: tsc: mask: 0xffffffffffffffff max_cycles: 0x2135f5e6f15, max_idle_ns: 440795231538 ns
08:57:22,263 INFO kernel:clocksource: Switched to clocksource tsc
08:57:22,264 INFO kernel:platform rtc_cmos: registered platform RTC device (no PNP device found)
08:57:22,264 INFO kernel:workingset: timestamp_bits=36 max_order=19 bucket_order=0
08:57:22,264 INFO kernel:zbud: loaded
08:57:22,264 INFO kernel:pstore: using deflate compression
08:57:22,264 INFO kernel:NET: Registered protocol family 38
08:57:22,264 INFO kernel:Block layer SCSI generic (bsg) driver version 0.4 loaded (major 247)
08:57:22,264 INFO kernel:io scheduler mq-deadline registered
08:57:22,264 INFO kernel:io scheduler kyber registered
08:57:22,264 INFO kernel:io scheduler bfq registered
08:57:22,264 INFO kernel:atomic64_test: passed for x86-64 platform with CX8 and with SSE
08:57:22,264 INFO kernel:shpchp: Standard Hot Plug PCI Controller Driver version: 0.4
08:57:22,264 INFO kernel:ACPI: AC Adapter [AC] (on-line)
08:57:22,264 INFO kernel:input: Power Button as /devices/LNXSYSTM:00/LNXPWRBN:00/input/input0
08:57:22,264 INFO kernel:ACPI: Power Button [PWRF]
08:57:22,264 INFO kernel:input: Sleep Button as /devices/LNXSYSTM:00/LNXSLPBN:00/input/input1
08:57:22,264 INFO kernel:ACPI: Sleep Button [SLPF]
08:57:22,264 INFO kernel:Serial: 8250/16550 driver, 4 ports, IRQ sharing enabled
08:57:22,264 INFO kernel:Non-volatile memory driver v1.3
08:57:22,264 INFO kernel:battery: ACPI: Battery Slot [BAT0] (battery present)
08:57:22,264 INFO kernel:rdac: device handler registered
08:57:22,264 INFO kernel:hp_sw: device handler registered
08:57:22,264 INFO kernel:emc: device handler registered
08:57:22,264 INFO kernel:alua: device handler registered
08:57:22,264 INFO kernel:libphy: Fixed MDIO Bus: probed
08:57:22,264 INFO kernel:ehci_hcd: USB 2.0 'Enhanced' Host Controller (EHCI) Driver
08:57:22,264 INFO kernel:ehci-pci: EHCI PCI platform driver
08:57:22,264 INFO kernel:ohci_hcd: USB 1.1 'Open' Host Controller (OHCI) Driver
08:57:22,264 INFO kernel:ohci-pci: OHCI PCI platform driver
08:57:22,264 INFO kernel:ohci-pci 0000:00:06.0: OHCI PCI host controller
08:57:22,264 INFO kernel:ohci-pci 0000:00:06.0: new USB bus registered, assigned bus number 1
08:57:22,264 INFO kernel:ohci-pci 0000:00:06.0: irq 22, io mem 0xf0804000
08:57:22,264 INFO kernel:usb usb1: New USB device found, idVendor=1d6b, idProduct=0001, bcdDevice= 4.18
08:57:22,264 INFO kernel:usb usb1: New USB device strings: Mfr=3, Product=2, SerialNumber=1
08:57:22,265 INFO kernel:usb usb1: Product: OHCI PCI host controller
08:57:22,268 INFO kernel:usb usb1: Manufacturer: Linux 4.18.0-305.3.1.el8.x86_64 ohci_hcd
08:57:22,268 INFO kernel:usb usb1: SerialNumber: 0000:00:06.0
08:57:22,268 INFO kernel:hub 1-0:1.0: USB hub found
08:57:22,268 INFO kernel:hub 1-0:1.0: 12 ports detected
08:57:22,268 INFO kernel:uhci_hcd: USB Universal Host Controller Interface driver
08:57:22,268 INFO kernel:usbcore: registered new interface driver usbserial_generic
08:57:22,268 INFO kernel:usbserial: USB Serial support registered for generic
08:57:22,268 INFO kernel:i8042: PNP: PS/2 Controller [PNP0303:PS2K,PNP0f03:PS2M] at 0x60,0x64 irq 1,12
08:57:22,268 INFO kernel:serio: i8042 KBD port at 0x60,0x64 irq 1
08:57:22,268 INFO kernel:serio: i8042 AUX port at 0x60,0x64 irq 12
08:57:22,268 INFO kernel:mousedev: PS/2 mouse device common for all mice
08:57:22,268 INFO kernel:input: AT Translated Set 2 keyboard as /devices/platform/i8042/serio0/input/input2
08:57:22,268 INFO kernel:rtc_cmos rtc_cmos: registered as rtc0
08:57:22,268 INFO kernel:rtc_cmos rtc_cmos: alarms up to one day, 114 bytes nvram
08:57:22,268 INFO kernel:intel_pstate: CPU model not supported
08:57:22,268 INFO kernel:hid: raw HID events driver (C) Jiri Kosina
08:57:22,269 INFO kernel:usbcore: registered new interface driver usbhid
08:57:22,269 INFO kernel:usbhid: USB HID core driver
08:57:22,269 INFO kernel:drop_monitor: Initializing network drop monitor service
08:57:22,269 INFO kernel:Initializing XFRM netlink socket
08:57:22,269 INFO kernel:NET: Registered protocol family 10
08:57:22,269 INFO kernel:Segment Routing with IPv6
08:57:22,269 INFO kernel:NET: Registered protocol family 17
08:57:22,269 INFO kernel:mpls_gso: MPLS GSO support
08:57:22,269 INFO kernel:core: Using 0 MCE banks
08:57:22,269 INFO kernel:AVX2 version of gcm_enc/dec engaged.
08:57:22,269 INFO kernel:AES CTR mode by8 optimization enabled
08:57:22,269 INFO kernel:sched_clock: Marking stable (5053679040, 0)->(5433072020, -379392980)
08:57:22,269 INFO kernel:registered taskstats version 1
08:57:22,269 INFO kernel:zswap: loaded using pool lzo/zbud
08:57:22,269 INFO kernel:page_owner is disabled
08:57:22,269 INFO kernel:ima: No TPM chip found, activating TPM-bypass!
08:57:22,269 INFO kernel:ima: Allocated hash algorithm: sha256
08:57:22,269 INFO kernel:ima: No architecture policies found
08:57:22,269 INFO kernel:evm: Initialising EVM extended attributes:
08:57:22,269 INFO kernel:evm: security.selinux
08:57:22,269 INFO kernel:evm: security.ima
08:57:22,269 INFO kernel:evm: security.capability
08:57:22,269 INFO kernel:evm: HMAC attrs: 0x1
08:57:22,269 INFO kernel:rtc_cmos rtc_cmos: setting system clock to 2021-09-04 08:57:21 UTC (1630745841)
08:57:22,269 INFO kernel:Freeing unused decrypted memory: 2036K
08:57:22,269 INFO kernel:Freeing unused kernel memory: 2480K
08:57:22,269 INFO kernel:Write protecting the kernel read-only data: 22528k
08:57:22,269 INFO kernel:Freeing unused kernel memory: 2012K
08:57:22,269 INFO kernel:Freeing unused kernel memory: 484K
08:57:22,269 INFO systemd:systemd 239 (239-45.el8) running in system mode. (+PAM +AUDIT +SELINUX +IMA -APPARMOR +SMACK +SYSVINIT +UTMP +LIBCRYPTSETUP +GCRYPT +GNUTLS +ACL +XZ +LZ4 +SECCOMP +BLKID +ELFUTILS +KMOD +IDN2 -IDN +PCRE2 default-hierarchy=legacy)
08:57:22,269 INFO systemd:Detected virtualization oracle.
08:57:22,269 INFO systemd:Detected architecture x86-64.
08:57:22,269 INFO systemd:Running in initial RAM disk.
08:57:22,269 INFO kernel:input: ImExPS/2 Generic Explorer Mouse as /devices/platform/i8042/serio1/input/input4
08:57:22,269 INFO systemd:No hostname configured.
08:57:22,269 INFO systemd:Set hostname to <localhost>.
08:57:22,269 INFO systemd:Initializing machine ID from random generator.
08:57:22,269 INFO systemd:Listening on Open-iSCSI iscsid Socket.
08:57:22,269 INFO systemd:Listening on Open-iSCSI iscsiuio Socket.
08:57:22,269 INFO systemd:Listening on Journal Socket (/dev/log).
08:57:22,269 INFO kernel:Loading iSCSI transport class v2.0-870.
08:57:22,269 INFO systemd-journald:Journal started
08:57:22,269 INFO systemd-journald:Runtime journal (/run/log/journal/d0168f4a11c2498b9184f16ef2ae9542) is 8.0M, max 91.2M, 83.2M free.
08:57:22,269 INFO systemd-modules-load:Module 'msr' is builtin
08:57:22,270 INFO rngd:Initializing available sources
08:57:22,270 INFO rngd:Failed to init entropy source hwrng
08:57:22,270 INFO rngd:Enabling RDSEED rng support
08:57:22,270 INFO rngd:Initializing entropy source rdrand
08:57:22,306 INFO dracut-cmdline:dracut-8 dracut-049-135.git20210121.el8
08:57:22,325 INFO dracut-cmdline:Using kernel command line parameters: BOOT_IMAGE=vmlinuz initrd=initrd.img inst.stage2=hd:LABEL=CentOS-8-4-2105-x86_64-dvd quiet
08:57:22,651 INFO kernel:BIOS EDD facility v0.16 2004-Jun-25, 1 devices found
08:57:22,823 INFO dracut-cmdline:Loading CentOS Linux 8 x86_64 installer...
08:57:23,697 INFO dracut-cmdline:rd.luks=0: removing cryptoluks activation
08:57:23,851 INFO dracut-cmdline:rd.lvm=0: removing LVM activation
08:57:24,043 INFO kernel:QLogic iSCSI HBA Driver
08:57:24,051 INFO kernel:libcxgbi:libcxgbi_init_module: Chelsio iSCSI driver library libcxgbi v0.9.1-ko (Apr. 2015)
08:57:24,115 INFO kernel:Chelsio T4-T6 iSCSI Driver cxgb4i v0.9.5-ko (Apr. 2015)
08:57:24,120 INFO kernel:cnic: QLogic cnicDriver v2.5.22 (July 20, 2015)
08:57:24,132 INFO kernel:QLogic NetXtreme II iSCSI Driver bnx2i v2.7.10.1 (Jul 16, 2014)
08:57:24,146 INFO kernel:In beiscsi_module_init, tt=00000000ed411650
08:57:24,270 INFO systemd:Started dracut cmdline hook.
08:57:24,271 INFO systemd:Starting dracut pre-udev hook...
08:57:24,510 INFO kernel:squashfs: version 4.0 (2009/01/31) Phillip Lougher
08:57:24,583 INFO rngd:Initializing AES buffer
08:57:24,584 INFO rngd:Enabling JITTER rng support
08:57:24,584 INFO rngd:Initializing entropy source jitter
08:57:24,618 INFO dracut-pre-udev:modprobe: FATAL: Module floppy not found in directory /lib/modules/4.18.0-305.3.1.el8.x86_64
08:57:24,733 INFO kernel:No iBFT detected.
08:57:24,986 INFO kernel:raid6: sse2x1   gen() 16939 MB/s
08:57:25,005 INFO kernel:raid6: sse2x1   xor()  8447 MB/s
08:57:25,024 INFO kernel:raid6: sse2x2   gen() 20950 MB/s
08:57:25,041 INFO kernel:raid6: sse2x2   xor() 10021 MB/s
08:57:25,058 INFO kernel:raid6: sse2x4   gen() 16970 MB/s
08:57:25,075 INFO kernel:raid6: sse2x4   xor() 10621 MB/s
08:57:25,092 INFO kernel:raid6: avx2x1   gen() 25204 MB/s
08:57:25,110 INFO kernel:raid6: avx2x1   xor() 16841 MB/s
08:57:25,128 INFO kernel:raid6: avx2x2   gen() 38846 MB/s
08:57:25,151 INFO kernel:raid6: avx2x2   xor() 19583 MB/s
08:57:25,168 INFO kernel:raid6: avx2x4   gen() 31943 MB/s
08:57:25,185 INFO kernel:raid6: avx2x4   xor() 14960 MB/s
08:57:25,185 INFO kernel:raid6: using algorithm avx2x2 gen() 38846 MB/s
08:57:25,185 INFO kernel:raid6: .... xor() 19583 MB/s, rmw enabled
08:57:25,185 INFO kernel:raid6: using avx2x2 recovery algorithm
08:57:25,404 INFO kernel:async_tx: api initialized (async)
08:57:25,405 INFO kernel:xor: automatically using best checksumming function   avx       
08:57:25,763 INFO kernel:device-mapper: uevent: version 1.0.3
08:57:25,763 INFO kernel:device-mapper: ioctl: 4.43.0-ioctl (2020-10-01) initialised: dm-devel@redhat.com
08:57:26,124 INFO kernel:device-mapper: multipath round-robin: version 1.2.0 loaded
08:57:26,290 INFO dracut-pre-udev:modprobe: ERROR: could not insert 'sha256_mb': No such device
08:57:26,359 INFO kernel:RPC: Registered named UNIX socket transport module.
08:57:26,359 INFO kernel:RPC: Registered udp transport module.
08:57:26,359 INFO kernel:RPC: Registered tcp transport module.
08:57:26,359 INFO kernel:RPC: Registered tcp NFSv4.1 backchannel transport module.
08:57:26,428 INFO systemd:Started dracut pre-udev hook.
08:57:26,429 INFO systemd:Starting udev Kernel Device Manager...
08:57:26,452 INFO systemd:Started udev Kernel Device Manager.
08:57:26,453 INFO systemd:Starting dracut pre-trigger hook...
08:57:26,482 INFO lldpad:config file failed to load,
08:57:26,482 INFO lldpad:create a new file.
08:57:26,482 INFO lldpad:bound ctrl iface to /com/intel/lldpad
08:57:26,483 INFO dracut-pre-trigger:819
08:57:26,502 INFO dracut-pre-trigger:rd.md=0: removing MD RAID activation
08:57:26,570 INFO systemd:Started dracut pre-trigger hook.
08:57:26,570 INFO systemd:Starting udev Coldplug all Devices...
08:57:26,621 INFO systemd:Mounting Kernel Configuration File System...
08:57:26,633 INFO systemd:Mounted Kernel Configuration File System.
08:57:26,676 INFO systemd:Started udev Coldplug all Devices.
08:57:26,676 INFO systemd:Starting udev Wait for Complete Device Initialization...
08:57:26,677 INFO systemd:Starting Show Plymouth Boot Screen...
08:57:26,696 INFO kernel:ACPI: Video Device [GFX0] (multi-head: yes  rom: no  post: no)
08:57:26,696 INFO kernel:input: Video Bus as /devices/LNXSYSTM:00/LNXSYBUS:00/PNP0A03:00/LNXVIDEO:00/input/input5
08:57:26,699 INFO systemd:Received SIGRTMIN+20 from PID 909 (plymouthd).
08:57:26,726 INFO kernel:e1000: Intel(R) PRO/1000 Network Driver - version 7.3.21-k8-NAPI
08:57:26,726 INFO kernel:e1000: Copyright (c) 1999-2006 Intel Corporation.
08:57:26,741 INFO systemd-udevd:link_config: autonegotiation is unset or enabled, the speed and duplex are not writable.
08:57:26,754 INFO systemd:Started Show Plymouth Boot Screen.
08:57:26,754 INFO systemd:Reached target Paths.
08:57:26,754 INFO systemd:Reached target Local Encrypted Volumes.
08:57:26,754 INFO systemd:Started Forward Password Requests to Plymouth Directory Watch.
08:57:26,791 INFO kernel:ahci 0000:00:0d.0: SSS flag set, parallel bus scan disabled
08:57:26,791 INFO kernel:ahci 0000:00:0d.0: AHCI 0001.0100 32 slots 1 ports 3 Gbps 0x1 impl SATA mode
08:57:26,791 INFO kernel:ahci 0000:00:0d.0: flags: 64bit ncq stag only ccc 
08:57:26,807 INFO kernel:scsi host1: ahci
08:57:26,807 INFO kernel:ata3: SATA max UDMA/133 abar m8192@0xf0806000 port 0xf0806100 irq 21
08:57:26,807 INFO kernel:scsi host0: ata_piix
08:57:26,820 INFO kernel:scsi host2: ata_piix
08:57:26,820 INFO kernel:ata1: PATA max UDMA/33 cmd 0x1f0 ctl 0x3f6 bmdma 0xd000 irq 14
08:57:26,820 INFO kernel:ata2: PATA max UDMA/33 cmd 0x170 ctl 0x376 bmdma 0xd008 irq 15
08:57:26,894 INFO kernel:[drm] DMA map mode: Caching DMA mappings.
08:57:26,894 INFO kernel:[drm] Capabilities:
08:57:26,894 INFO kernel:[drm]   Cursor.
08:57:26,894 INFO kernel:[drm]   Cursor bypass 2.
08:57:26,894 INFO kernel:[drm]   Alpha cursor.
08:57:26,894 INFO kernel:[drm]   3D.
08:57:26,894 INFO kernel:[drm]   Extended Fifo.
08:57:26,894 INFO kernel:[drm]   Pitchlock.
08:57:26,894 INFO kernel:[drm]   Irq mask.
08:57:26,894 INFO kernel:[drm]   GMR.
08:57:26,894 INFO kernel:[drm]   Traces.
08:57:26,894 INFO kernel:[drm]   GMR2.
08:57:26,894 INFO kernel:[drm]   Screen Object 2.
08:57:26,894 INFO kernel:[drm] Max GMR ids is 8192
08:57:26,894 INFO kernel:[drm] Max number of GMR pages is 1048576
08:57:26,894 INFO kernel:[drm] Max dedicated hypervisor surface memory is 507904 kiB
08:57:26,894 INFO kernel:[drm] Maximum display memory size is 16384 kiB
08:57:26,894 INFO kernel:[drm] VRAM at 0xe0000000 size is 16384 kiB
08:57:26,894 INFO kernel:[drm] MMIO at 0xf0000000 size is 2048 kiB
08:57:26,910 INFO kernel:[TTM] Zone  kernel: Available graphics memory: 934730 KiB
08:57:26,910 INFO kernel:[TTM] Initializing pool allocator
08:57:26,910 INFO kernel:[TTM] Initializing DMA pool allocator
08:57:26,988 INFO kernel:[drm] Screen Objects Display Unit initialized
08:57:26,988 INFO kernel:[drm] width 720
08:57:26,988 INFO kernel:[drm] height 400
08:57:26,988 INFO kernel:[drm] bpp 32
08:57:26,988 INFO kernel:[drm] Fifo max 0x00200000 min 0x00001000 cap 0x00000355
08:57:26,988 INFO kernel:[drm] Atomic: yes.
08:57:26,989 INFO kernel:ata2.00: ATAPI: VBOX CD-ROM, 1.0, max UDMA/133
08:57:26,994 INFO kernel:fbcon: svgadrmfb (fb0) is primary device
08:57:26,996 INFO kernel:Console: switching to colour frame buffer device 100x37
08:57:26,999 INFO kernel:[drm] Initialized vmwgfx 2.18.0 20200114 for 0000:00:02.0 on minor 0
08:57:27,117 INFO kernel:ata3: SATA link up 3.0 Gbps (SStatus 123 SControl 300)
08:57:27,118 INFO kernel:ata3.00: ATA-6: VBOX HARDDISK, 1.0, max UDMA/133
08:57:27,118 INFO kernel:ata3.00: 16777216 sectors, multi 128: LBA48 NCQ (depth 32)
08:57:27,123 INFO kernel:ata3.00: configured for UDMA/133
08:57:27,170 INFO kernel:sr 2:0:0:0: [sr0] scsi3-mmc drive: 32x/32x xa/form2 tray
08:57:27,170 INFO kernel:cdrom: Uniform CD-ROM driver Revision: 3.20
08:57:27,170 INFO kernel:e1000 0000:00:03.0 eth0: (PCI:33MHz:32-bit) 08:00:27:bf:ae:8b
08:57:27,170 INFO kernel:e1000 0000:00:03.0 eth0: Intel(R) PRO/1000 Network Connection
08:57:27,170 INFO systemd-udevd:Using default interface naming scheme 'rhel-8.0'.
08:57:27,171 INFO systemd-udevd:link_config: autonegotiation is unset or enabled, the speed and duplex are not writable.
08:57:27,171 INFO kernel:e1000 0000:00:03.0 enp0s3: renamed from eth0
08:57:27,189 INFO systemd-udevd:Using default interface naming scheme 'rhel-8.0'.
08:57:27,197 INFO kernel:8021q: 802.1Q VLAN Support v1.8
08:57:27,206 INFO systemd:Started cancel waiting for multipath siblings of sda.
08:57:27,282 INFO systemd:Started udev Wait for Complete Device Initialization.
08:57:27,283 INFO systemd:Starting Device-Mapper Multipath Device Controller...
08:57:27,287 INFO systemd:Started Device-Mapper Multipath Device Controller.
08:57:27,289 INFO systemd:Starting Open-iSCSI...
08:57:27,289 INFO systemd:Reached target Local File Systems (Pre).
08:57:27,289 INFO systemd:Reached target Local File Systems.
08:57:27,290 INFO systemd:Starting Create Volatile Files and Directories...
08:57:27,298 INFO iscsid:iscsid: can't open InitiatorName configuration file /etc/iscsi/initiatorname.iscsi
08:57:27,299 INFO iscsid:iscsid: Warning: InitiatorName file /etc/iscsi/initiatorname.iscsi does not exist or does not contain a properly formatted InitiatorName. If using software iscsi (iscsi_tcp or ib_iser) or partial offload (bnx2i or cxgbi iscsi), you may not be able to log into or discover targets. Please create a file /etc/iscsi/initiatorname.iscsi that contains a sting with the format: InitiatorName=iqn.yyyy-mm.<reversed domain name>[:identifier].
08:57:27,299 INFO iscsid:Example: InitiatorName=iqn.2001-04.com.redhat:fc6.
08:57:27,299 INFO iscsid:If using hardware iscsi like qla4xxx this message can be ignored.
08:57:27,299 INFO iscsid:iscsid: can't open InitiatorAlias configuration file /etc/iscsi/initiatorname.iscsi
08:57:27,299 INFO multipathd:--------start up--------
08:57:27,299 INFO multipathd:read /etc/multipath.conf
08:57:27,301 INFO multipathd:path checkers start up
08:57:27,308 INFO systemd:Started Create Volatile Files and Directories.
08:57:27,308 INFO systemd:Reached target System Initialization.
08:57:27,308 INFO systemd:Reached target Basic System.
08:57:27,309 INFO systemd:Started Open-iSCSI.
08:57:27,309 INFO systemd:Starting dracut initqueue hook...
08:57:27,339 INFO systemd:Reloading.
08:57:27,475 INFO dracut-initqueue:anaconda using disk root at /dev/sr0
08:57:27,527 INFO dracut-initqueue:anaconda: found /run/install/repo//images/install.img
08:57:27,599 INFO kernel:loop: module loaded
08:57:27,698 INFO systemd:run-initramfs-squashfs.mount: Succeeded.
08:57:27,740 INFO systemd:Started dracut initqueue hook.
08:57:27,740 INFO systemd:Reached target Remote File Systems (Pre).
08:57:27,740 INFO systemd:Reached target Remote File Systems.
08:57:27,740 INFO systemd:Starting dracut pre-mount hook...
08:57:27,750 INFO systemd:Started dracut pre-mount hook.
08:57:27,750 INFO systemd:Reached target Initrd Root File System.
08:57:27,750 INFO systemd:Starting Reload Configuration from the Real Root...
08:57:27,756 INFO systemd:Reloading.
08:57:27,836 INFO systemd:initrd-parse-etc.service: Succeeded.
08:57:27,836 INFO systemd:Started Reload Configuration from the Real Root.
08:57:27,836 INFO systemd:Reached target Initrd File Systems.
08:57:27,836 INFO systemd:Reached target Initrd Default Target.
08:57:27,837 INFO systemd:Starting dracut mount hook...
08:57:27,904 INFO kernel:EXT4-fs (dm-0): mounted filesystem with ordered data mode. Opts: (null)
08:57:27,936 INFO systemd:Started dracut mount hook.
08:57:27,937 INFO systemd:Starting dracut pre-pivot and cleanup hook...
08:57:28,056 INFO systemd:Started dracut pre-pivot and cleanup hook.
08:57:28,057 INFO systemd:Starting Cleaning Up and Shutting Down Daemons...
08:57:28,064 INFO systemd:Stopped target Timers.
08:57:28,064 INFO systemd:cancel-multipath-wait-sda.timer: Succeeded.
08:57:28,064 INFO systemd:Stopped cancel waiting for multipath siblings of sda.
08:57:28,065 INFO systemd:Starting Setup Virtual Console...
08:57:28,065 INFO systemd:dracut-pre-pivot.service: Succeeded.
08:57:28,065 INFO systemd:Stopped dracut pre-pivot and cleanup hook.
08:57:28,065 INFO systemd:Stopped target Initrd Default Target.
08:57:28,065 INFO systemd:Stopped target Initrd Root Device.
08:57:28,065 INFO systemd:Stopped target Remote File Systems.
08:57:28,065 INFO systemd:Stopped target Remote File Systems (Pre).
08:57:28,065 INFO systemd:Stopped target Basic System.
08:57:28,065 INFO systemd:Stopped target Paths.
08:57:28,065 INFO systemd:Stopped target System Initialization.
08:57:28,065 INFO systemd:Stopped target Swap.
08:57:28,065 INFO systemd:systemd-sysctl.service: Succeeded.
08:57:28,066 INFO systemd:Stopped Apply Kernel Variables.
08:57:28,066 INFO systemd:systemd-tmpfiles-setup.service: Succeeded.
08:57:28,070 INFO systemd:Stopped Create Volatile Files and Directories.
08:57:28,070 INFO systemd:Stopped target Local File Systems.
08:57:28,070 INFO systemd:Stopped target Local File Systems (Pre).
08:57:28,071 INFO systemd:systemd-modules-load.service: Succeeded.
08:57:28,071 INFO systemd:Stopped Load Kernel Modules.
08:57:28,072 INFO systemd:Stopped target Sockets.
08:57:28,072 INFO systemd:Stopped target Slices.
08:57:28,072 INFO systemd:dracut-mount.service: Succeeded.
08:57:28,072 INFO systemd:Stopped dracut mount hook.
08:57:28,072 INFO systemd:dracut-pre-mount.service: Succeeded.
08:57:28,073 INFO systemd:Stopped dracut pre-mount hook.
08:57:28,073 INFO systemd:dracut-initqueue.service: Succeeded.
08:57:28,074 INFO systemd:Stopped dracut initqueue hook.
08:57:28,074 INFO systemd:Stopping Open-iSCSI...
08:57:28,074 INFO systemd:Stopped target Local Encrypted Volumes.
08:57:28,076 INFO iscsid:iscsid: iscsid shutting down.
08:57:28,076 INFO systemd:Starting Plymouth switch root service...
08:57:28,077 INFO systemd:iscsid.service: Succeeded.
08:57:28,078 INFO systemd:Stopped Open-iSCSI.
08:57:28,078 INFO systemd:systemd-vconsole-setup.service: Succeeded.
08:57:28,079 INFO systemd:Started Setup Virtual Console.
08:57:28,081 INFO systemd:Stopping Device-Mapper Multipath Device Controller...
08:57:28,083 INFO systemd:Stopping iSCSI UserSpace I/O driver...
08:57:28,083 INFO systemd:iscsid.socket: Succeeded.
08:57:28,083 INFO systemd:Closed Open-iSCSI iscsid Socket.
08:57:28,083 INFO systemd:initrd-cleanup.service: Succeeded.
08:57:28,083 INFO systemd:Started Cleaning Up and Shutting Down Daemons.
08:57:28,088 INFO systemd:iscsiuio.service: Succeeded.
08:57:28,089 INFO systemd:Stopped iSCSI UserSpace I/O driver.
08:57:28,091 INFO systemd:iscsiuio.socket: Succeeded.
08:57:28,091 INFO systemd:Closed Open-iSCSI iscsiuio Socket.
08:57:28,095 INFO systemd:Started Plymouth switch root service.
08:57:28,101 INFO multipathd:ok
08:57:28,105 INFO multipathd:--------shut down-------
08:57:28,110 INFO systemd:multipathd.service: Succeeded.
08:57:28,110 INFO systemd:Stopped Device-Mapper Multipath Device Controller.
08:57:28,111 INFO systemd:systemd-udev-settle.service: Succeeded.
08:57:28,111 INFO systemd:Stopped udev Wait for Complete Device Initialization.
08:57:28,111 INFO systemd:systemd-udev-trigger.service: Succeeded.
08:57:28,111 INFO systemd:Stopped udev Coldplug all Devices.
08:57:28,111 INFO systemd:dracut-pre-trigger.service: Succeeded.
08:57:28,111 INFO systemd:Stopped dracut pre-trigger hook.
08:57:28,113 INFO systemd:Stopping udev Kernel Device Manager...
08:57:28,120 INFO systemd:systemd-udevd.service: Succeeded.
08:57:28,121 INFO systemd:Stopped udev Kernel Device Manager.
08:57:28,121 INFO systemd:Stopping Hardware RNG Entropy Gatherer Daemon...
08:57:28,122 INFO systemd:systemd-tmpfiles-setup-dev.service: Succeeded.
08:57:28,122 INFO systemd:Stopped Create Static Device Nodes in /dev.
08:57:28,123 INFO systemd:kmod-static-nodes.service: Succeeded.
08:57:28,123 INFO systemd:Stopped Create list of required static device nodes for the current kernel.
08:57:28,123 INFO systemd:dracut-pre-udev.service: Succeeded.
08:57:28,123 INFO systemd:Stopped dracut pre-udev hook.
08:57:28,124 INFO systemd:dracut-cmdline.service: Succeeded.
08:57:28,124 INFO systemd:Stopped dracut cmdline hook.
08:57:28,124 INFO systemd:systemd-udevd-kernel.socket: Succeeded.
08:57:28,125 INFO systemd:Closed udev Kernel Socket.
08:57:28,125 INFO systemd:systemd-udevd-control.socket: Succeeded.
08:57:28,125 INFO systemd:Closed udev Control Socket.
08:57:28,127 INFO systemd:Starting Cleanup udevd DB...
08:57:28,128 INFO systemd:rngd.service: Succeeded.
08:57:28,128 INFO systemd:Stopped Hardware RNG Entropy Gatherer Daemon.
08:57:28,136 INFO systemd:initrd-udevadm-cleanup-db.service: Succeeded.
08:57:28,136 INFO systemd:Started Cleanup udevd DB.
08:57:28,136 INFO systemd:Reached target Switch Root.
08:57:28,137 INFO systemd:Starting Switch Root...
08:57:28,182 INFO systemd-journald:Journal stopped
08:57:29,933 INFO kernel:SELinux:  policy capability network_peer_controls=1
08:57:29,933 INFO kernel:SELinux:  policy capability open_perms=1
08:57:29,933 INFO kernel:SELinux:  policy capability extended_socket_class=1
08:57:29,933 INFO kernel:SELinux:  policy capability always_check_network=0
08:57:29,933 INFO kernel:SELinux:  policy capability cgroup_seclabel=1
08:57:29,933 INFO kernel:SELinux:  policy capability nnp_nosuid_transition=1
08:57:29,933 INFO systemd:Successfully loaded SELinux policy in 343.843ms.
08:57:29,933 INFO systemd:Relabelled /dev, /run and /sys/fs/cgroup in 20.337ms.
08:57:29,933 INFO systemd:systemd 239 (239-45.el8) running in system mode. (+PAM +AUDIT +SELINUX +IMA -APPARMOR +SMACK +SYSVINIT +UTMP +LIBCRYPTSETUP +GCRYPT +GNUTLS +ACL +XZ +LZ4 +SECCOMP +BLKID +ELFUTILS +KMOD +IDN2 -IDN +PCRE2 default-hierarchy=legacy)
08:57:29,933 INFO systemd:Detected virtualization oracle.
08:57:29,933 INFO systemd:Detected architecture x86-64.
08:57:29,933 INFO systemd:systemd-journald.service: Succeeded.
08:57:29,933 INFO systemd:initrd-switch-root.service: Succeeded.
08:57:29,933 INFO systemd:Stopped Switch Root.
08:57:29,933 INFO systemd:systemd-journald.service: Service has no hold-off time (RestartSec=0), scheduling restart.
08:57:29,933 INFO systemd:systemd-journald.service: Scheduled restart job, restart counter is at 1.
08:57:29,933 INFO systemd:Stopped Journal Service.
08:57:29,933 INFO systemd:Starting Journal Service...
08:57:29,933 INFO systemd-journald:Journal started
08:57:29,933 INFO systemd-journald:Runtime journal (/run/log/journal/1d1b9c074b8446669ce77d9302073c17) is 8.0M, max 91.2M, 83.2M free.
08:57:29,944 INFO systemd-modules-load:Module 'msr' is builtin
08:57:29,947 INFO systemd:Mounted Huge Pages File System.
08:57:29,947 INFO systemd:Mounted POSIX Message Queue File System.
08:57:29,948 INFO systemd:Started Load Kernel Modules.
08:57:29,956 INFO systemd:Started Create list of required static device nodes for the current kernel.
08:57:29,956 INFO systemd:Mounted Kernel Debug File System.
08:57:29,956 INFO systemd:Mounted Temporary Directory (/tmp).
08:57:29,964 INFO systemd:Starting Apply Kernel Variables...
08:57:29,966 INFO systemd:Started Remount Root and Kernel File Systems.
08:57:29,968 INFO systemd:Starting Load/Save Random Seed...
08:57:29,978 INFO systemd:Starting Rebuild Hardware Database...
08:57:29,979 INFO systemd:Starting Flush Journal to Persistent Storage...
08:57:29,980 INFO systemd:Starting Create System Users...
08:57:30,013 INFO systemd:Started Load/Save Random Seed.
08:57:30,024 INFO systemd:Started Apply Kernel Variables.
08:57:30,029 INFO systemd-journald:Runtime journal (/run/log/journal/1d1b9c074b8446669ce77d9302073c17) is 8.0M, max 91.2M, 83.2M free.
08:57:30,034 INFO systemd:Started Flush Journal to Persistent Storage.
08:57:30,045 INFO systemd:Started Create System Users.
08:57:30,045 INFO systemd:Starting Create Static Device Nodes in /dev...
08:57:30,101 INFO systemd:Started Create Static Device Nodes in /dev.
08:57:30,116 INFO systemd:Started udev Coldplug all Devices.
08:57:30,116 INFO systemd:Starting udev Wait for Complete Device Initialization...
08:57:30,144 INFO systemd:systemd-vconsole-setup.service: Succeeded.
08:57:30,146 INFO systemd:Started Setup Virtual Console.
08:57:30,315 INFO systemd:Started Rebuild Hardware Database.
08:57:30,315 INFO systemd:Starting udev Kernel Device Manager...
08:57:30,371 INFO systemd:Started udev Kernel Device Manager.
08:57:30,485 INFO systemd-udevd:Using default interface naming scheme 'rhel-8.0'.
08:57:30,486 INFO systemd-udevd:link_config: autonegotiation is unset or enabled, the speed and duplex are not writable.
08:57:30,486 INFO kernel:piix4_smbus 0000:00:07.0: SMBus Host Controller at 0x4100, revision 0
08:57:30,508 INFO kernel:input: PC Speaker as /devices/platform/pcspkr/input/input6
08:57:30,565 INFO kernel:RAPL PMU: API unit is 2^-32 Joules, 0 fixed counters, 10737418240 ms ovfl timer
08:57:30,566 INFO systemd-udevd:link_config: autonegotiation is unset or enabled, the speed and duplex are not writable.
08:57:30,591 INFO kernel:intel_pmc_core intel_pmc_core.0:  initialized
08:57:30,774 INFO systemd:Started cancel waiting for multipath siblings of sda.
08:57:30,803 INFO systemd:Started udev Wait for Complete Device Initialization.
08:57:30,804 INFO systemd:Starting Device-Mapper Multipath Device Controller...
08:57:30,906 INFO multipathd:--------start up--------
08:57:30,906 INFO multipathd:read /etc/multipath.conf
08:57:30,908 INFO multipathd:path checkers start up
08:57:30,924 INFO systemd:Started Device-Mapper Multipath Device Controller.
08:57:30,924 INFO systemd:Reached target Local File Systems (Pre).
08:57:30,924 INFO systemd:Reached target Local File Systems.
08:57:30,925 INFO systemd:Starting Tell Plymouth To Write Out Runtime Data...
08:57:30,926 INFO systemd:Starting Rebuild Dynamic Linker Cache...
08:57:30,928 INFO systemd:Starting Restore /run/initramfs on shutdown...
08:57:30,931 INFO systemd:Starting Rebuild Journal Catalog...
08:57:30,932 INFO systemd:Starting Import network configuration from initramfs...
08:57:30,951 INFO systemd:Started Restore /run/initramfs on shutdown.
08:57:30,987 INFO systemd:Received SIGRTMIN+20 from PID 909 (plymouthd).
08:57:30,988 INFO systemd:Started Tell Plymouth To Write Out Runtime Data.
08:57:31,013 INFO systemd:Started Rebuild Journal Catalog.
08:57:31,063 INFO systemd:Started Import network configuration from initramfs.
08:57:31,070 INFO systemd:Starting Create Volatile Files and Directories...
08:57:31,116 INFO systemd:Started Create Volatile Files and Directories.
08:57:31,121 INFO systemd:Starting Update UTMP about System Boot/Shutdown...
08:57:31,138 INFO systemd:Started Update UTMP about System Boot/Shutdown.
08:57:32,937 INFO systemd:Started Rebuild Dynamic Linker Cache.
08:57:32,937 INFO systemd:Starting Update is Completed...
08:57:32,953 INFO systemd:Started Update is Completed.
08:57:32,953 INFO systemd:Reached target System Initialization.
08:57:32,953 INFO systemd:Listening on Open-iSCSI iscsid Socket.
08:57:32,953 INFO systemd:Listening on Open-iSCSI iscsiuio Socket.
08:57:32,953 INFO systemd:Started Daily Cleanup of Temporary Directories.
08:57:32,953 INFO systemd:Reached target Timers.
08:57:32,953 INFO systemd:Listening on D-Bus System Message Bus Socket.
08:57:32,953 INFO systemd:Reached target Sockets.
08:57:32,953 INFO systemd:Reached target Basic System.
08:57:32,957 INFO systemd:Starting OpenSSH ed25519 Server Key Generation...
08:57:32,958 INFO systemd:Starting OpenSSH ecdsa Server Key Generation...
08:57:32,959 INFO systemd:Starting OpenSSH rsa Server Key Generation...
08:57:32,961 INFO systemd:Starting Anaconda NetworkManager configuration...
08:57:32,963 INFO systemd:Starting Hardware RNG Entropy Gatherer Wake threshold service...
08:57:32,970 INFO systemd:Starting Login Service...
08:57:32,972 INFO systemd:Starting Service enabling compressing RAM with zRam...
08:57:32,974 INFO systemd:Starting Hold until boot process finishes up...
08:57:32,976 INFO systemd:Starting pre-anaconda logging service...
08:57:32,981 INFO systemd:Starting Terminate Plymouth Boot Screen...
08:57:32,990 INFO systemd:Started Hardware RNG Entropy Gatherer Wake threshold service.
08:57:32,997 INFO systemd:Started Hardware RNG Entropy Gatherer Daemon.
08:57:33,010 INFO zramswapon:+ MAX_RAM_ON=2097152
08:57:33,018 INFO systemd:Received SIGRTMIN+21 from PID 909 (plymouthd).
08:57:33,022 INFO zramswapon:++ grep -E --only-matching '[[:digit:]]+'
08:57:33,023 INFO zramswapon:++ grep MemTotal /proc/meminfo
08:57:33,025 INFO zramswapon:+ mem_total_kb=1869460
08:57:33,025 INFO zramswapon:+ grep -E 'inst\.zram=(on|1)' /proc/cmdline
08:57:33,030 INFO systemd:Received SIGRTMIN+21 from PID 909 (n/a).
08:57:33,030 INFO systemd:Started Hold until boot process finishes up.
08:57:33,033 INFO systemd:Started Terminate Plymouth Boot Screen.
08:57:33,036 INFO systemd:anaconda-nm-config.service: Succeeded.
08:57:33,036 INFO systemd:Started Anaconda NetworkManager configuration.
08:57:33,036 INFO systemd:Starting Network Manager...
08:57:33,042 INFO systemd:anaconda-pre.service: Succeeded.
08:57:33,042 INFO systemd:Started pre-anaconda logging service.
08:57:33,059 INFO zramswapon:+ force=1
08:57:33,059 INFO zramswapon:+ '[' '(' 1869460 -gt 2097152 ')' -a '(' 1 '!=' 0 ')' ']'
08:57:33,060 INFO zramswapon:++ getconf _NPROCESSORS_ONLN
08:57:33,081 INFO systemd:Started D-Bus System Message Bus.
08:57:33,098 INFO zramswapon:+ num_cpus=2
08:57:33,098 INFO zramswapon:+ modprobe zram
08:57:33,148 INFO zramswapon:+ echo 2
08:57:33,148 INFO kernel:zram: Added device: zram0
08:57:33,148 INFO zramswapon:+ echo 1869460K
08:57:33,151 INFO zramswapon:+ mkswap /dev/zram0
08:57:33,152 INFO kernel:zram0: detected capacity change from 0 to 1914327040
08:57:33,154 INFO systemd-logind:New seat seat0.
08:57:33,164 INFO dbus-daemon:[system] Successfully activated service 'org.freedesktop.systemd1'
08:57:33,186 INFO systemd-logind:Watching system buttons on /dev/input/event0 (Power Button)
08:57:33,186 INFO systemd-logind:Watching system buttons on /dev/input/event1 (Sleep Button)
08:57:33,192 INFO rngd:Initializing available sources
08:57:33,192 INFO rngd:Failed to init entropy source hwrng
08:57:33,193 INFO rngd:Enabling RDSEED rng support
08:57:33,193 INFO rngd:Initializing entropy source rdrand
08:57:33,201 INFO zramswapon:Setting up swapspace version 1, size = 1.8 GiB (1914322944 bytes)
08:57:33,201 INFO zramswapon:no label, UUID=15973275-6ef0-430b-bc67-86eb9a978769
08:57:33,201 INFO zramswapon:+ swapon -p 100 /dev/zram0
08:57:33,202 INFO systemd-logind:Watching system buttons on /dev/input/event2 (AT Translated Set 2 keyboard)
08:57:33,207 INFO systemd:Started Login Service.
08:57:33,234 INFO systemd:sshd-keygen@ed25519.service: Succeeded.
08:57:33,234 INFO systemd:Started OpenSSH ed25519 Server Key Generation.
08:57:33,240 INFO kernel:Adding 1869456k swap on /dev/zram0.  Priority:100 extents:1 across:1869456k SSFS
08:57:33,242 INFO zramswapon:+ '[' 1869460 -le 1048576 ']'
08:57:33,242 INFO zramswapon:+ exit 0
08:57:33,242 INFO systemd:Started Service enabling compressing RAM with zRam.
08:57:33,246 INFO systemd:sshd-keygen@ecdsa.service: Succeeded.
08:57:33,246 INFO systemd:Started OpenSSH ecdsa Server Key Generation.
08:57:33,310 INFO NetworkManager:<info>  [1630745853.3093] NetworkManager (version 1.30.0-7.el8) is starting... (for the first time)
08:57:33,310 INFO NetworkManager:<info>  [1630745853.3093] Read config: /etc/NetworkManager/NetworkManager.conf (etc: 80-anaconda-no-ibft.conf, 90-anaconda-no-auto-default.conf, 91-anaconda-autoconnect-slaves.conf, 92-anaconda-loglevel-debug.conf)
08:57:33,317 INFO systemd:Started Network Manager.
08:57:33,317 INFO systemd:Starting Network Manager Wait Online...
08:57:33,317 INFO systemd:Reached target Network.
08:57:33,317 INFO systemd:Starting RHSM dbus service...
08:57:33,322 INFO NetworkManager:<info>  [1630745853.3221] bus-manager: acquired D-Bus service "org.freedesktop.NetworkManager"
08:57:33,347 INFO NetworkManager:<info>  [1630745853.3475] manager[0x55951fbda010]: monitoring kernel firmware directory '/lib/firmware'.
08:57:33,358 INFO dbus-daemon:[system] Activating via systemd: service name='org.freedesktop.hostname1' unit='dbus-org.freedesktop.hostname1.service' requested by ':1.3' (uid=0 pid=1627 comm="/usr/sbin/NetworkManager --no-daemon " label="system_u:system_r:kernel_t:s0")
08:57:33,366 INFO systemd:Starting Hostname Service...
08:57:33,581 INFO dbus-daemon:[system] Successfully activated service 'org.freedesktop.hostname1'
08:57:33,582 INFO systemd:Started Hostname Service.
08:57:33,584 INFO NetworkManager:<info>  [1630745853.5829] hostname: hostname: using hostnamed
08:57:33,585 INFO NetworkManager:<info>  [1630745853.5831] dns-mgr[0x55951fbce1c0]: init: dns=default,systemd-resolved rc-manager=symlink
08:57:33,599 INFO NetworkManager:<info>  [1630745853.5990] Loaded device plugin: NMWifiFactory (/usr/lib64/NetworkManager/1.30.0-7.el8/libnm-device-plugin-wifi.so)
08:57:33,601 INFO NetworkManager:<info>  [1630745853.6011] Loaded device plugin: NMTeamFactory (/usr/lib64/NetworkManager/1.30.0-7.el8/libnm-device-plugin-team.so)
08:57:33,601 INFO NetworkManager:<info>  [1630745853.6011] manager: rfkill: Wi-Fi enabled by radio killswitch; enabled by state file
08:57:33,601 INFO NetworkManager:<info>  [1630745853.6012] manager: rfkill: WWAN enabled by radio killswitch; enabled by state file
08:57:33,601 INFO NetworkManager:<info>  [1630745853.6012] manager: Networking is enabled by state file
08:57:33,602 INFO dbus-daemon:[system] Activating via systemd: service name='org.freedesktop.nm_dispatcher' unit='dbus-org.freedesktop.nm-dispatcher.service' requested by ':1.3' (uid=0 pid=1627 comm="/usr/sbin/NetworkManager --no-daemon " label="system_u:system_r:kernel_t:s0")
08:57:33,605 INFO NetworkManager:<info>  [1630745853.6051] dhcp-init: Using DHCP client 'internal'
08:57:33,606 INFO systemd:Starting Network Manager Script Dispatcher Service...
08:57:33,616 INFO NetworkManager:<info>  [1630745853.6155] settings: Loaded settings plugin: ifcfg-rh ("/usr/lib64/NetworkManager/1.30.0-7.el8/libnm-settings-plugin-ifcfg-rh.so")
08:57:33,616 INFO NetworkManager:<info>  [1630745853.6156] settings: Loaded settings plugin: keyfile (internal)
08:57:33,621 INFO NetworkManager:<info>  [1630745853.6212] device (lo): carrier: link connected
08:57:33,622 INFO NetworkManager:<info>  [1630745853.6225] manager: (lo): new Generic device (/org/freedesktop/NetworkManager/Devices/1)
08:57:33,626 INFO NetworkManager:<info>  [1630745853.6261] manager: (enp0s3): new Ethernet device (/org/freedesktop/NetworkManager/Devices/2)
08:57:33,629 INFO NetworkManager:<info>  [1630745853.6293] device (enp0s3): state change: unmanaged -> unavailable (reason 'managed', sys-iface-state: 'external')
08:57:33,632 INFO kernel:IPv6: ADDRCONF(NETDEV_UP): enp0s3: link is not ready
08:57:33,638 INFO kernel:IPv6: ADDRCONF(NETDEV_UP): enp0s3: link is not ready
08:57:33,638 INFO kernel:8021q: adding VLAN 0 to HW filter on device enp0s3
08:57:33,638 INFO kernel:e1000: enp0s3 NIC Link is Up 1000 Mbps Full Duplex, Flow Control: RX
08:57:33,638 INFO kernel:IPv6: ADDRCONF(NETDEV_CHANGE): enp0s3: link becomes ready
08:57:33,683 INFO NetworkManager:<info>  [1630745853.6839] device (enp0s3): carrier: link connected
08:57:33,686 INFO dbus-daemon:[system] Successfully activated service 'org.freedesktop.nm_dispatcher'
08:57:33,686 INFO systemd:Started Network Manager Script Dispatcher Service.
08:57:33,688 INFO nm-dispatcher:req:1 'hostname': new request (2 scripts)
08:57:33,689 INFO nm-dispatcher:req:1 'hostname': start running ordered scripts...
08:57:33,693 INFO NetworkManager:<info>  [1630745853.6930] device (enp0s3): state change: unavailable -> disconnected (reason 'carrier-changed', sys-iface-state: 'managed')
08:57:33,694 INFO nm-dispatcher:req:2 'connectivity-change': new request (2 scripts)
08:57:33,704 INFO nm-dispatcher:req:2 'connectivity-change': start running ordered scripts...
08:57:33,711 INFO NetworkManager:<info>  [1630745853.7110] manager: startup complete
08:57:33,716 INFO systemd:Started Network Manager Wait Online.
08:57:33,716 INFO systemd:Reached target Network is Online.
08:57:33,716 INFO systemd:Starting System Logging Service...
08:57:33,773 INFO systemd:Started System Logging Service.
08:57:33,774 INFO rsyslogd:[origin software="rsyslogd" swVersion="8.1911.0-7.el8" x-pid="1672" x-info="https://www.rsyslog.com"] start
08:57:34,881 INFO systemd:sshd-keygen@rsa.service: Succeeded.
08:57:34,882 INFO systemd:Started OpenSSH rsa Server Key Generation.
08:57:34,882 INFO systemd:Reached target sshd-keygen.target.
08:57:36,202 INFO rngd:Initializing AES buffer
08:57:36,203 INFO rngd:Enabling JITTER rng support
08:57:36,203 INFO rngd:Initializing entropy source jitter
08:57:37,102 INFO systemd:Started RHSM dbus service.
08:57:37,103 INFO systemd:Reached target Anaconda System Services.
08:57:37,105 INFO systemd:Starting Anaconda...
08:57:37,275 INFO systemd:Started Anaconda.
08:57:37,276 INFO systemd:Started cancel waiting for multipath siblings of sda.
08:57:37,276 INFO systemd:Started Anaconda Text Console.
08:57:37,276 INFO systemd:Startup finished in 5.108s (kernel) + 7.230s (initrd) + 8.532s (userspace) = 20.871s.
08:57:37,324 INFO systemd:cancel-multipath-wait-sda.service: Succeeded.
08:57:37,324 INFO systemd:cancel-multipath-wait-sda.timer: Succeeded.
08:57:39,344 INFO dbus-daemon:Activating service name='org.fedoraproject.Anaconda.Boss' requested by ':1.0' (uid=0 pid=1701 comm="/usr/libexec/platform-python /sbin/anaconda " label="system_u:system_r:kernel_t:s0")
08:57:39,595 INFO dbus-daemon:Successfully activated service 'org.fedoraproject.Anaconda.Boss'
08:57:39,605 INFO dbus-daemon:Activating service name='org.fedoraproject.Anaconda.Modules.Timezone' requested by ':1.1' (uid=0 pid=1742 comm="/usr/libexec/platform-python -m pyanaconda.modules" label="system_u:system_r:kernel_t:s0")
08:57:39,605 INFO dbus-daemon:Activating service name='org.fedoraproject.Anaconda.Modules.Network' requested by ':1.1' (uid=0 pid=1742 comm="/usr/libexec/platform-python -m pyanaconda.modules" label="system_u:system_r:kernel_t:s0")
08:57:39,606 INFO dbus-daemon:Activating service name='org.fedoraproject.Anaconda.Modules.Localization' requested by ':1.1' (uid=0 pid=1742 comm="/usr/libexec/platform-python -m pyanaconda.modules" label="system_u:system_r:kernel_t:s0")
08:57:39,607 INFO dbus-daemon:Activating service name='org.fedoraproject.Anaconda.Modules.Security' requested by ':1.1' (uid=0 pid=1742 comm="/usr/libexec/platform-python -m pyanaconda.modules" label="system_u:system_r:kernel_t:s0")
08:57:39,608 INFO dbus-daemon:Activating service name='org.fedoraproject.Anaconda.Modules.Users' requested by ':1.1' (uid=0 pid=1742 comm="/usr/libexec/platform-python -m pyanaconda.modules" label="system_u:system_r:kernel_t:s0")
08:57:39,609 INFO dbus-daemon:Activating service name='org.fedoraproject.Anaconda.Modules.Payloads' requested by ':1.1' (uid=0 pid=1742 comm="/usr/libexec/platform-python -m pyanaconda.modules" label="system_u:system_r:kernel_t:s0")
08:57:39,610 INFO dbus-daemon:Activating service name='org.fedoraproject.Anaconda.Modules.Storage' requested by ':1.1' (uid=0 pid=1742 comm="/usr/libexec/platform-python -m pyanaconda.modules" label="system_u:system_r:kernel_t:s0")
08:57:39,611 INFO dbus-daemon:Activating service name='org.fedoraproject.Anaconda.Modules.Services' requested by ':1.1' (uid=0 pid=1742 comm="/usr/libexec/platform-python -m pyanaconda.modules" label="system_u:system_r:kernel_t:s0")
08:57:40,400 INFO dbus-daemon:Successfully activated service 'org.fedoraproject.Anaconda.Modules.Services'
08:57:40,572 INFO dbus-daemon:Successfully activated service 'org.fedoraproject.Anaconda.Modules.Payloads'
08:57:40,711 INFO dbus-daemon:Successfully activated service 'org.fedoraproject.Anaconda.Modules.Network'
08:57:40,811 INFO dbus-daemon:Successfully activated service 'org.fedoraproject.Anaconda.Modules.Users'
08:57:40,812 INFO dbus-daemon:Successfully activated service 'org.fedoraproject.Anaconda.Modules.Security'
08:57:41,392 INFO dbus-daemon:[system] Activating via systemd: service name='org.freedesktop.UDisks2' unit='udisks2.service' requested by ':1.11' (uid=0 pid=1766 comm="/usr/libexec/platform-python -m pyanaconda.modules" label="system_u:system_r:kernel_t:s0")
08:57:41,393 INFO systemd:Starting Disk Manager...
08:57:41,464 INFO dbus-daemon:[system] Activating via systemd: service name='org.freedesktop.PolicyKit1' unit='polkit.service' requested by ':1.12' (uid=0 pid=1823 comm="/usr/libexec/udisks2/udisksd " label="system_u:system_r:kernel_t:s0")
08:57:41,467 INFO systemd:Starting Authorization Manager...
08:57:41,574 INFO polkitd:Started polkitd version 0.115
08:57:41,844 INFO dbus-daemon:[system] Successfully activated service 'org.freedesktop.PolicyKit1'
08:57:41,845 INFO systemd:Started Authorization Manager.
08:57:41,972 INFO dbus-daemon:Successfully activated service 'org.fedoraproject.Anaconda.Modules.Timezone'
08:57:41,980 INFO dbus-daemon:[system] Successfully activated service 'org.freedesktop.UDisks2'
08:57:41,981 INFO systemd:Started Disk Manager.
08:57:42,295 INFO dbus-daemon:Successfully activated service 'org.fedoraproject.Anaconda.Modules.Localization'
08:57:42,399 INFO dbus-daemon:Successfully activated service 'org.fedoraproject.Anaconda.Modules.Storage'
08:57:44,131 INFO NetworkManager:<info>  [1630745864.1301] audit: op="connection-add" uuid="1d2214ed-815c-488d-a29c-74834e86f59c" name="enp0s3" pid=1756 uid=0 result="success"
08:57:44,412 INFO systemd:NetworkManager-dispatcher.service: Succeeded.
08:57:47,357 INFO dbus-daemon:[session uid=0 pid=1896] Activating service name='org.a11y.Bus' requested by ':1.0' (uid=0 pid=1882 comm="metacity --display :1 --sm-disable " label="system_u:system_r:kernel_t:s0")
08:57:47,374 INFO dbus-daemon:[session uid=0 pid=1896] Successfully activated service 'org.a11y.Bus'
08:57:47,429 INFO org.a11y.Bus:SpiRegistry daemon is running with well-known name - org.a11y.atspi.Registry
08:57:47,909 INFO systemd:Starting NTP client/server...
08:57:47,940 INFO chronyd:chronyd version 3.5 starting (+CMDMON +NTP +REFCLOCK +RTC +PRIVDROP +SCFILTER +SIGND +ASYNCDNS +SECHASH +IPV6 +DEBUG)
08:57:47,944 INFO chronyd:Using right/UTC timezone to obtain leap second data
08:57:47,963 INFO multipathd:Multipath configuration updated.
08:57:47,963 INFO multipathd:Reload multipathd for changes to take effect
08:57:47,966 INFO systemd:Started NTP client/server.
08:57:47,972 INFO systemd:Reloading Device-Mapper Multipath Device Controller.
08:57:47,977 INFO multipathd:reconfigure (operator)
08:57:47,981 INFO multipathd:ok
08:57:47,981 INFO systemd:Reloaded Device-Mapper Multipath Device Controller.
08:57:49,243 INFO systemd:tmp-tmpz_dfbnxz.mount: Succeeded.
08:57:56,287 INFO NetworkManager:<info>  [1630745876.2871] agent-manager: agent[b96d4ee9b32357a8,:1.23/anaconda/0]: agent registered
08:58:25,531 INFO systemd:systemd-hostnamed.service: Succeeded.
08:58:39,884 INFO dbus-daemon:[system] Activating via systemd: service name='org.freedesktop.hostname1' unit='dbus-org.freedesktop.hostname1.service' requested by ':1.10' (uid=0 pid=1756 comm="/usr/libexec/platform-python -m pyanaconda.modules" label="system_u:system_r:kernel_t:s0")
08:58:39,887 INFO systemd:Starting Hostname Service...
08:58:39,966 INFO dbus-daemon:[system] Successfully activated service 'org.freedesktop.hostname1'
08:58:39,966 INFO systemd:Started Hostname Service.
08:59:09,982 INFO systemd:systemd-hostnamed.service: Succeeded.
09:03:41,779 INFO kernel: sda:
09:03:41,900 INFO kernel: sda:
09:03:42,125 INFO kernel: sda: sda1
09:03:42,463 INFO dbus-daemon:[system] Activating via systemd: service name='com.redhat.lvmdbus1' unit='lvm2-lvmdbusd.service' requested by ':1.26' (uid=0 pid=2262 comm="lvm pvcreate /dev/sda2 --config= devices { preferr" label="system_u:system_r:kernel_t:s0")
09:03:42,465 INFO systemd:Starting LVM2 D-Bus service...
09:03:42,475 INFO systemd:Condition check resulted in VBOX_HARDDISK 2 being skipped.
09:03:42,478 INFO systemd:Created slice system-lvm2\x2dpvscan.slice.
09:03:42,479 INFO systemd:Starting LVM event activation on device 8:2...
09:03:42,515 INFO lvm:  pvscan[2265] PV /dev/sda2 not used.
09:03:42,526 INFO systemd:Started LVM event activation on device 8:2.
09:03:42,669 INFO dbus-daemon:[system] Successfully activated service 'com.redhat.lvmdbus1'
09:03:42,669 INFO systemd:Started LVM2 D-Bus service.
09:03:43,537 INFO kernel:Adding 839676k swap on /dev/mapper/cl-swap.  Priority:-2 extents:1 across:839676k FS
09:03:44,848 INFO kernel:SGI XFS with ACLs, security attributes, quota, no debug enabled
09:03:44,860 INFO kernel:XFS (dm-2): Ending clean mount
09:03:45,051 INFO kernel:XFS (sda1): Ending clean mount
09:04:54,207 INFO kernel:SELinux:  Converting 265 SID table entries...
09:04:54,207 INFO kernel:SELinux:  policy capability network_peer_controls=1
09:04:54,207 INFO kernel:SELinux:  policy capability open_perms=1
09:04:54,207 INFO kernel:SELinux:  policy capability extended_socket_class=1
09:04:54,207 INFO kernel:SELinux:  policy capability always_check_network=0
09:04:54,207 INFO kernel:SELinux:  policy capability cgroup_seclabel=1
09:04:54,207 INFO kernel:SELinux:  policy capability nnp_nosuid_transition=1
09:04:54,281 INFO dbus-daemon:[session uid=0 pid=1896] Reloaded configuration
09:04:54,283 INFO dbus-daemon:[system] Reloaded configuration
09:04:54,290 INFO dbus-daemon:Reloaded configuration
09:04:55,580 INFO systemd-udevd:Using default interface naming scheme 'rhel-8.0'.
09:05:28,694 INFO dbus-daemon:[session uid=0 pid=1896] Reloaded configuration
09:05:28,695 INFO dbus-daemon:Reloaded configuration
09:05:28,698 INFO dbus-daemon:[system] Reloaded configuration
09:05:51,085 INFO kernel:SELinux:  Converting 312 SID table entries...
09:05:51,085 INFO kernel:SELinux:  policy capability network_peer_controls=1
09:05:51,085 INFO kernel:SELinux:  policy capability open_perms=1
09:05:51,085 INFO kernel:SELinux:  policy capability extended_socket_class=1
09:05:51,085 INFO kernel:SELinux:  policy capability always_check_network=0
09:05:51,085 INFO kernel:SELinux:  policy capability cgroup_seclabel=1
09:05:51,085 INFO kernel:SELinux:  policy capability nnp_nosuid_transition=1
09:05:51,102 INFO dbus-daemon:[session uid=0 pid=1896] Reloaded configuration
09:05:51,102 INFO dbus-daemon:[system] Reloaded configuration
09:05:51,104 INFO dbus-daemon:Reloaded configuration
09:05:51,884 INFO dbus-daemon:[system] Reloaded configuration
09:05:51,885 INFO dbus-daemon:[session uid=0 pid=1896] Reloaded configuration
09:05:51,887 INFO dbus-daemon:Reloaded configuration
09:05:51,923 INFO dbus-daemon:[system] Reloaded configuration
09:05:51,925 INFO dbus-daemon:[session uid=0 pid=1896] Reloaded configuration
09:05:51,926 INFO dbus-daemon:Reloaded configuration
09:06:03,458 INFO systemd-udevd:Using default interface naming scheme 'rhel-8.0'.
09:06:04,277 INFO systemd-logind:Watching system buttons on /dev/input/event2 (AT Translated Set 2 keyboard)
09:06:04,281 INFO systemd-logind:Watching system buttons on /dev/input/event0 (Power Button)
09:06:04,287 INFO systemd-logind:Watching system buttons on /dev/input/event1 (Sleep Button)
09:06:17,815 INFO systemd-udevd:Using default interface naming scheme 'rhel-8.0'.
09:06:17,878 INFO systemd-logind:Watching system buttons on /dev/input/event0 (Power Button)
09:06:17,882 INFO systemd-logind:Watching system buttons on /dev/input/event1 (Sleep Button)
09:06:17,923 INFO systemd-logind:Watching system buttons on /dev/input/event2 (AT Translated Set 2 keyboard)
09:09:08,309 INFO systemd:Started /usr/bin/systemctl start man-db-cache-update.
09:09:08,421 INFO systemctl:Failed to start man-db-cache-update.service: Unit man-db-cache-update.service not found.
09:09:13,573 INFO kernel:fuse: init (API version 7.31)
09:09:13,585 INFO systemd:Mounting FUSE Control File System...
09:09:13,599 INFO systemd:Mounted FUSE Control File System.
09:09:20,104 INFO dbus-daemon:[system] Activating via systemd: service name='org.freedesktop.locale1' unit='dbus-org.freedesktop.locale1.service' requested by ':1.25' (uid=0 pid=1769 comm="/usr/libexec/platform-python -m pyanaconda.modules" label="system_u:system_r:kernel_t:s0")
09:09:20,114 INFO systemd:Starting Locale Service...
09:09:20,227 INFO dbus-daemon:[system] Successfully activated service 'org.freedesktop.locale1'
09:09:20,228 INFO systemd:Started Locale Service.
09:09:20,289 INFO systemd-localed:Changed X11 keyboard layout to 'us' model '' variant '' options ''
09:09:20,295 INFO systemd-localed:Changed X11 keyboard layout to '' model '' variant '' options ''
09:09:20,303 INFO systemd-localed:Changed X11 keyboard layout to 'us' model '' variant '' options ''
09:09:20,311 INFO systemd-localed:Changed X11 keyboard layout to '' model '' variant '' options ''
09:09:50,348 INFO systemd:systemd-localed.service: Succeeded.
